2019-03-19 11:59:46 [main] INFO  DataSourceTest:138 - All connection are closed 
2019-03-19 11:59:46 [main] INFO  DataSourceTest:225 - Connection 1 done
2019-03-19 11:59:46 [main] INFO  DataSourceTest:225 - Connection 2 done
2019-03-19 11:59:46 [main] INFO  DataSourceTest:225 - Connection 3 done
2019-03-19 11:59:47 [main] INFO  DataSourceTest:225 - Connection 4 done
2019-03-19 11:59:47 [main] INFO  DataSourceTest:225 - Connection 5 done
2019-03-19 11:59:47 [main] INFO  DataSourceTest:225 - Connection 6 done
2019-03-19 11:59:47 [main] INFO  DataSourceTest:225 - Connection 7 done
2019-03-19 11:59:47 [main] INFO  DataSourceTest:225 - Connection 8 done
2019-03-19 11:59:48 [main] INFO  DataSourceTest:225 - Connection 9 done
2019-03-19 11:59:48 [main] INFO  DataSourceTest:225 - Connection 10 done
2019-03-19 11:59:48 [main] INFO  DataSourceTest:228 - Limit reached, no available connection java.sql.SQLException
2019-03-19 11:59:48 [main] INFO  DataSourceTest:195 - Connection 1 done
2019-03-19 11:59:48 [main] INFO  DataSourceTest:198 - Connection 2 done
2019-03-19 11:59:48 [main] INFO  DataSourceTest:201 - Connection 3 done
2019-03-19 11:59:49 [main] INFO  DataSourceTest:204 - Connection 4 done
2019-03-19 11:59:49 [main] INFO  DataSourceTest:121 - Return Connection succed 
2019-03-19 11:59:49 [main] INFO  DataSourceTest:86 - Update in SGBD succed 
2019-03-19 11:59:49 [main] INFO  DataSourceTest:68 - Data recovery in SGBD succed 
2019-03-19 11:59:50 [main] INFO  DataSourceTest:30 - Connection succed 
2019-03-19 11:59:50 [main] INFO  DataSourceTest:49 - Insertion in SGBD succed 
2019-03-19 11:59:50 [main] INFO  DataSourceTest:104 - Delete in SGBD succed 
2019-03-19 12:37:55 [main] INFO  DataSourceTest:138 - All connection are closed 
2019-03-19 12:37:55 [main] INFO  DataSourceTest:225 - Connection 1 done
2019-03-19 12:37:55 [main] INFO  DataSourceTest:225 - Connection 2 done
2019-03-19 12:37:55 [main] INFO  DataSourceTest:225 - Connection 3 done
2019-03-19 12:37:56 [main] INFO  DataSourceTest:225 - Connection 4 done
2019-03-19 12:37:56 [main] INFO  DataSourceTest:225 - Connection 5 done
2019-03-19 12:37:56 [main] INFO  DataSourceTest:225 - Connection 6 done
2019-03-19 12:37:56 [main] INFO  DataSourceTest:225 - Connection 7 done
2019-03-19 12:37:57 [main] INFO  DataSourceTest:225 - Connection 8 done
2019-03-19 12:37:57 [main] INFO  DataSourceTest:225 - Connection 9 done
2019-03-19 12:37:57 [main] INFO  DataSourceTest:225 - Connection 10 done
2019-03-19 12:37:57 [main] INFO  DataSourceTest:228 - Limit reached, no available connection java.sql.SQLException
2019-03-19 12:37:57 [main] INFO  DataSourceTest:195 - Connection 1 done
2019-03-19 12:37:58 [main] INFO  DataSourceTest:198 - Connection 2 done
2019-03-19 12:37:58 [main] INFO  DataSourceTest:201 - Connection 3 done
2019-03-19 12:37:58 [main] INFO  DataSourceTest:204 - Connection 4 done
2019-03-19 12:37:58 [main] INFO  DataSourceTest:121 - Return Connection succed 
2019-03-19 12:37:58 [main] INFO  DataSourceTest:86 - Update in SGBD succed 
2019-03-19 12:37:59 [main] INFO  DataSourceTest:68 - Data recovery in SGBD succed 
2019-03-19 12:37:59 [main] INFO  DataSourceTest:30 - Connection succed 
2019-03-19 12:38:00 [main] INFO  DataSourceTest:49 - Insertion in SGBD succed 
2019-03-19 12:38:00 [main] INFO  DataSourceTest:104 - Delete in SGBD succed 
