2019-04-30 09:44:42 [AWT-EventQueue-0] INFO  Frame:83 - ______           _   _     _    _         
2019-04-30 09:44:42 [AWT-EventQueue-0] INFO  Frame:84 - |  _  \         | | | |   | |  (_)        
2019-04-30 09:44:42 [AWT-EventQueue-0] INFO  Frame:85 - | | | |___  __ _| |_| |__ | | ___ ___ ___ 
2019-04-30 09:44:42 [AWT-EventQueue-0] INFO  Frame:86 - | | | / _ \/ _` | __| '_ \| |/ / / __/ __|
2019-04-30 09:44:42 [AWT-EventQueue-0] INFO  Frame:87 - | |/ /  __/ (_| | |_| | | |   <| \__ \__ \
2019-04-30 09:44:42 [AWT-EventQueue-0] INFO  Frame:88 - |___/ \___|\__,_|\__|_| |_|_|\_\_|___/___/
2019-04-30 09:44:42 [AWT-EventQueue-0] INFO  Frame:89 -                                           
2019-04-30 09:44:42 [AWT-EventQueue-0] INFO  MainGUI:34 - Application Deathkiss runned
2019-04-30 10:04:42 [AWT-EventQueue-0] INFO  Frame:83 - ______           _   _     _    _         
2019-04-30 10:04:42 [AWT-EventQueue-0] INFO  Frame:84 - |  _  \         | | | |   | |  (_)        
2019-04-30 10:04:42 [AWT-EventQueue-0] INFO  Frame:85 - | | | |___  __ _| |_| |__ | | ___ ___ ___ 
2019-04-30 10:04:42 [AWT-EventQueue-0] INFO  Frame:86 - | | | / _ \/ _` | __| '_ \| |/ / / __/ __|
2019-04-30 10:04:42 [AWT-EventQueue-0] INFO  Frame:87 - | |/ /  __/ (_| | |_| | | |   <| \__ \__ \
2019-04-30 10:04:42 [AWT-EventQueue-0] INFO  Frame:88 - |___/ \___|\__,_|\__|_| |_|_|\_\_|___/___/
2019-04-30 10:04:42 [AWT-EventQueue-0] INFO  Frame:89 -                                           
2019-04-30 10:04:42 [AWT-EventQueue-0] INFO  MainGUI:34 - Application Deathkiss runned
2019-04-30 10:05:37 [AWT-EventQueue-0] INFO  Frame:83 - ______           _   _     _    _         
2019-04-30 10:05:37 [AWT-EventQueue-0] INFO  Frame:84 - |  _  \         | | | |   | |  (_)        
2019-04-30 10:05:37 [AWT-EventQueue-0] INFO  Frame:85 - | | | |___  __ _| |_| |__ | | ___ ___ ___ 
2019-04-30 10:05:37 [AWT-EventQueue-0] INFO  Frame:86 - | | | / _ \/ _` | __| '_ \| |/ / / __/ __|
2019-04-30 10:05:37 [AWT-EventQueue-0] INFO  Frame:87 - | |/ /  __/ (_| | |_| | | |   <| \__ \__ \
2019-04-30 10:05:37 [AWT-EventQueue-0] INFO  Frame:88 - |___/ \___|\__,_|\__|_| |_|_|\_\_|___/___/
2019-04-30 10:05:37 [AWT-EventQueue-0] INFO  Frame:89 -                                           
2019-04-30 10:05:37 [AWT-EventQueue-0] INFO  MainGUI:34 - Application Deathkiss runned
2019-04-30 10:06:57 [AWT-EventQueue-0] INFO  Frame:83 - ______           _   _     _    _         
2019-04-30 10:06:57 [AWT-EventQueue-0] INFO  Frame:84 - |  _  \         | | | |   | |  (_)        
2019-04-30 10:06:57 [AWT-EventQueue-0] INFO  Frame:85 - | | | |___  __ _| |_| |__ | | ___ ___ ___ 
2019-04-30 10:06:57 [AWT-EventQueue-0] INFO  Frame:86 - | | | / _ \/ _` | __| '_ \| |/ / / __/ __|
2019-04-30 10:06:57 [AWT-EventQueue-0] INFO  Frame:87 - | |/ /  __/ (_| | |_| | | |   <| \__ \__ \
2019-04-30 10:06:57 [AWT-EventQueue-0] INFO  Frame:88 - |___/ \___|\__,_|\__|_| |_|_|\_\_|___/___/
2019-04-30 10:06:57 [AWT-EventQueue-0] INFO  Frame:89 -                                           
2019-04-30 10:06:57 [AWT-EventQueue-0] INFO  MainGUI:34 - Application Deathkiss runned
2019-04-30 10:07:57 [AWT-EventQueue-0] INFO  Frame:83 - ______           _   _     _    _         
2019-04-30 10:07:57 [AWT-EventQueue-0] INFO  Frame:84 - |  _  \         | | | |   | |  (_)        
2019-04-30 10:07:57 [AWT-EventQueue-0] INFO  Frame:85 - | | | |___  __ _| |_| |__ | | ___ ___ ___ 
2019-04-30 10:07:57 [AWT-EventQueue-0] INFO  Frame:86 - | | | / _ \/ _` | __| '_ \| |/ / / __/ __|
2019-04-30 10:07:57 [AWT-EventQueue-0] INFO  Frame:87 - | |/ /  __/ (_| | |_| | | |   <| \__ \__ \
2019-04-30 10:07:57 [AWT-EventQueue-0] INFO  Frame:88 - |___/ \___|\__,_|\__|_| |_|_|\_\_|___/___/
2019-04-30 10:07:57 [AWT-EventQueue-0] INFO  Frame:89 -                                           
2019-04-30 10:07:57 [AWT-EventQueue-0] INFO  MainGUI:34 - Application Deathkiss runned
2019-04-30 10:11:14 [AWT-EventQueue-0] INFO  Frame:83 - ______           _   _     _    _         
2019-04-30 10:11:14 [AWT-EventQueue-0] INFO  Frame:84 - |  _  \         | | | |   | |  (_)        
2019-04-30 10:11:14 [AWT-EventQueue-0] INFO  Frame:85 - | | | |___  __ _| |_| |__ | | ___ ___ ___ 
2019-04-30 10:11:14 [AWT-EventQueue-0] INFO  Frame:86 - | | | / _ \/ _` | __| '_ \| |/ / / __/ __|
2019-04-30 10:11:14 [AWT-EventQueue-0] INFO  Frame:87 - | |/ /  __/ (_| | |_| | | |   <| \__ \__ \
2019-04-30 10:11:14 [AWT-EventQueue-0] INFO  Frame:88 - |___/ \___|\__,_|\__|_| |_|_|\_\_|___/___/
2019-04-30 10:11:14 [AWT-EventQueue-0] INFO  Frame:89 -                                           
2019-04-30 10:11:14 [AWT-EventQueue-0] INFO  MainGUI:34 - Application Deathkiss runned
2019-04-30 10:12:22 [AWT-EventQueue-0] INFO  Frame:83 - ______           _   _     _    _         
2019-04-30 10:12:22 [AWT-EventQueue-0] INFO  Frame:84 - |  _  \         | | | |   | |  (_)        
2019-04-30 10:12:22 [AWT-EventQueue-0] INFO  Frame:85 - | | | |___  __ _| |_| |__ | | ___ ___ ___ 
2019-04-30 10:12:22 [AWT-EventQueue-0] INFO  Frame:86 - | | | / _ \/ _` | __| '_ \| |/ / / __/ __|
2019-04-30 10:12:22 [AWT-EventQueue-0] INFO  Frame:87 - | |/ /  __/ (_| | |_| | | |   <| \__ \__ \
2019-04-30 10:12:22 [AWT-EventQueue-0] INFO  Frame:88 - |___/ \___|\__,_|\__|_| |_|_|\_\_|___/___/
2019-04-30 10:12:22 [AWT-EventQueue-0] INFO  Frame:89 -                                           
2019-04-30 10:12:22 [AWT-EventQueue-0] INFO  MainGUI:34 - Application Deathkiss runned
2019-04-30 10:13:24 [AWT-EventQueue-0] INFO  Frame:83 - ______           _   _     _    _         
2019-04-30 10:13:24 [AWT-EventQueue-0] INFO  Frame:84 - |  _  \         | | | |   | |  (_)        
2019-04-30 10:13:24 [AWT-EventQueue-0] INFO  Frame:85 - | | | |___  __ _| |_| |__ | | ___ ___ ___ 
2019-04-30 10:13:24 [AWT-EventQueue-0] INFO  Frame:86 - | | | / _ \/ _` | __| '_ \| |/ / / __/ __|
2019-04-30 10:13:24 [AWT-EventQueue-0] INFO  Frame:87 - | |/ /  __/ (_| | |_| | | |   <| \__ \__ \
2019-04-30 10:13:24 [AWT-EventQueue-0] INFO  Frame:88 - |___/ \___|\__,_|\__|_| |_|_|\_\_|___/___/
2019-04-30 10:13:24 [AWT-EventQueue-0] INFO  Frame:89 -                                           
2019-04-30 10:13:24 [AWT-EventQueue-0] INFO  MainGUI:34 - Application Deathkiss runned
2019-04-30 10:13:36 [AWT-EventQueue-0] INFO  Frame:83 - ______           _   _     _    _         
2019-04-30 10:13:36 [AWT-EventQueue-0] INFO  Frame:84 - |  _  \         | | | |   | |  (_)        
2019-04-30 10:13:36 [AWT-EventQueue-0] INFO  Frame:85 - | | | |___  __ _| |_| |__ | | ___ ___ ___ 
2019-04-30 10:13:36 [AWT-EventQueue-0] INFO  Frame:86 - | | | / _ \/ _` | __| '_ \| |/ / / __/ __|
2019-04-30 10:13:36 [AWT-EventQueue-0] INFO  Frame:87 - | |/ /  __/ (_| | |_| | | |   <| \__ \__ \
2019-04-30 10:13:36 [AWT-EventQueue-0] INFO  Frame:88 - |___/ \___|\__,_|\__|_| |_|_|\_\_|___/___/
2019-04-30 10:13:36 [AWT-EventQueue-0] INFO  Frame:89 -                                           
2019-04-30 10:13:36 [AWT-EventQueue-0] INFO  MainGUI:34 - Application Deathkiss runned
2019-04-30 10:13:51 [AWT-EventQueue-0] INFO  Frame:83 - ______           _   _     _    _         
2019-04-30 10:13:51 [AWT-EventQueue-0] INFO  Frame:84 - |  _  \         | | | |   | |  (_)        
2019-04-30 10:13:51 [AWT-EventQueue-0] INFO  Frame:85 - | | | |___  __ _| |_| |__ | | ___ ___ ___ 
2019-04-30 10:13:51 [AWT-EventQueue-0] INFO  Frame:86 - | | | / _ \/ _` | __| '_ \| |/ / / __/ __|
2019-04-30 10:13:51 [AWT-EventQueue-0] INFO  Frame:87 - | |/ /  __/ (_| | |_| | | |   <| \__ \__ \
2019-04-30 10:13:51 [AWT-EventQueue-0] INFO  Frame:88 - |___/ \___|\__,_|\__|_| |_|_|\_\_|___/___/
2019-04-30 10:13:51 [AWT-EventQueue-0] INFO  Frame:89 -                                           
2019-04-30 10:13:51 [AWT-EventQueue-0] INFO  MainGUI:34 - Application Deathkiss runned
2019-04-30 10:51:28 [AWT-EventQueue-0] INFO  Frame:83 - ______           _   _     _    _         
2019-04-30 10:51:28 [AWT-EventQueue-0] INFO  Frame:84 - |  _  \         | | | |   | |  (_)        
2019-04-30 10:51:28 [AWT-EventQueue-0] INFO  Frame:85 - | | | |___  __ _| |_| |__ | | ___ ___ ___ 
2019-04-30 10:51:28 [AWT-EventQueue-0] INFO  Frame:86 - | | | / _ \/ _` | __| '_ \| |/ / / __/ __|
2019-04-30 10:51:28 [AWT-EventQueue-0] INFO  Frame:87 - | |/ /  __/ (_| | |_| | | |   <| \__ \__ \
2019-04-30 10:51:28 [AWT-EventQueue-0] INFO  Frame:88 - |___/ \___|\__,_|\__|_| |_|_|\_\_|___/___/
2019-04-30 10:51:28 [AWT-EventQueue-0] INFO  Frame:89 -                                           
2019-04-30 10:51:28 [AWT-EventQueue-0] INFO  MainGUI:34 - Application Deathkiss runned
2019-04-30 10:57:36 [AWT-EventQueue-0] INFO  Frame:83 - ______           _   _     _    _         
2019-04-30 10:57:36 [AWT-EventQueue-0] INFO  Frame:84 - |  _  \         | | | |   | |  (_)        
2019-04-30 10:57:36 [AWT-EventQueue-0] INFO  Frame:85 - | | | |___  __ _| |_| |__ | | ___ ___ ___ 
2019-04-30 10:57:36 [AWT-EventQueue-0] INFO  Frame:86 - | | | / _ \/ _` | __| '_ \| |/ / / __/ __|
2019-04-30 10:57:36 [AWT-EventQueue-0] INFO  Frame:87 - | |/ /  __/ (_| | |_| | | |   <| \__ \__ \
2019-04-30 10:57:36 [AWT-EventQueue-0] INFO  Frame:88 - |___/ \___|\__,_|\__|_| |_|_|\_\_|___/___/
2019-04-30 10:57:36 [AWT-EventQueue-0] INFO  Frame:89 -                                           
2019-04-30 10:57:36 [AWT-EventQueue-0] INFO  MainGUI:34 - Application Deathkiss runned
2019-04-30 11:44:45 [AWT-EventQueue-0] INFO  Frame:83 - ______           _   _     _    _         
2019-04-30 11:44:45 [AWT-EventQueue-0] INFO  Frame:84 - |  _  \         | | | |   | |  (_)        
2019-04-30 11:44:45 [AWT-EventQueue-0] INFO  Frame:85 - | | | |___  __ _| |_| |__ | | ___ ___ ___ 
2019-04-30 11:44:45 [AWT-EventQueue-0] INFO  Frame:86 - | | | / _ \/ _` | __| '_ \| |/ / / __/ __|
2019-04-30 11:44:45 [AWT-EventQueue-0] INFO  Frame:87 - | |/ /  __/ (_| | |_| | | |   <| \__ \__ \
2019-04-30 11:44:45 [AWT-EventQueue-0] INFO  Frame:88 - |___/ \___|\__,_|\__|_| |_|_|\_\_|___/___/
2019-04-30 11:44:45 [AWT-EventQueue-0] INFO  Frame:89 -                                           
2019-04-30 11:44:46 [AWT-EventQueue-0] INFO  ClientSocket:158 - Impossible create the socket java.net.ConnectException
2019-04-30 11:44:46 [AWT-EventQueue-0] INFO  TabEmployes:759 - Find Employees datas succed
2019-04-30 11:44:46 [AWT-EventQueue-0] INFO  TabEmployes:762 - Impossible to parse in JSON Employees datasjava.lang.NullPointerException
2019-04-30 11:44:46 [AWT-EventQueue-0] INFO  MainGUI:36 - Impossible to create the window 'frame' java.lang.NullPointerException
2019-04-30 13:29:14 [AWT-EventQueue-0] INFO  Frame:83 - ______           _   _     _    _         
2019-04-30 13:29:14 [AWT-EventQueue-0] INFO  Frame:84 - |  _  \         | | | |   | |  (_)        
2019-04-30 13:29:14 [AWT-EventQueue-0] INFO  Frame:85 - | | | |___  __ _| |_| |__ | | ___ ___ ___ 
2019-04-30 13:29:14 [AWT-EventQueue-0] INFO  Frame:86 - | | | / _ \/ _` | __| '_ \| |/ / / __/ __|
2019-04-30 13:29:14 [AWT-EventQueue-0] INFO  Frame:87 - | |/ /  __/ (_| | |_| | | |   <| \__ \__ \
2019-04-30 13:29:14 [AWT-EventQueue-0] INFO  Frame:88 - |___/ \___|\__,_|\__|_| |_|_|\_\_|___/___/
2019-04-30 13:29:14 [AWT-EventQueue-0] INFO  Frame:89 -                                           
2019-04-30 13:29:15 [AWT-EventQueue-0] INFO  MainGUI:34 - Application Deathkiss runned
2019-04-30 13:29:40 [AWT-EventQueue-0] INFO  Frame:83 - ______           _   _     _    _         
2019-04-30 13:29:40 [AWT-EventQueue-0] INFO  Frame:84 - |  _  \         | | | |   | |  (_)        
2019-04-30 13:29:40 [AWT-EventQueue-0] INFO  Frame:85 - | | | |___  __ _| |_| |__ | | ___ ___ ___ 
2019-04-30 13:29:40 [AWT-EventQueue-0] INFO  Frame:86 - | | | / _ \/ _` | __| '_ \| |/ / / __/ __|
2019-04-30 13:29:40 [AWT-EventQueue-0] INFO  Frame:87 - | |/ /  __/ (_| | |_| | | |   <| \__ \__ \
2019-04-30 13:29:40 [AWT-EventQueue-0] INFO  Frame:88 - |___/ \___|\__,_|\__|_| |_|_|\_\_|___/___/
2019-04-30 13:29:40 [AWT-EventQueue-0] INFO  Frame:89 -                                           
2019-04-30 13:29:41 [AWT-EventQueue-0] INFO  MainGUI:34 - Application Deathkiss runned
2019-04-30 13:30:39 [AWT-EventQueue-0] INFO  Frame:83 - ______           _   _     _    _         
2019-04-30 13:30:39 [AWT-EventQueue-0] INFO  Frame:84 - |  _  \         | | | |   | |  (_)        
2019-04-30 13:30:39 [AWT-EventQueue-0] INFO  Frame:85 - | | | |___  __ _| |_| |__ | | ___ ___ ___ 
2019-04-30 13:30:39 [AWT-EventQueue-0] INFO  Frame:86 - | | | / _ \/ _` | __| '_ \| |/ / / __/ __|
2019-04-30 13:30:39 [AWT-EventQueue-0] INFO  Frame:87 - | |/ /  __/ (_| | |_| | | |   <| \__ \__ \
2019-04-30 13:30:39 [AWT-EventQueue-0] INFO  Frame:88 - |___/ \___|\__,_|\__|_| |_|_|\_\_|___/___/
2019-04-30 13:30:39 [AWT-EventQueue-0] INFO  Frame:89 -                                           
2019-04-30 13:30:39 [AWT-EventQueue-0] INFO  MainGUI:34 - Application Deathkiss runned
