2019-04-22 21:21:02 [AWT-EventQueue-0] INFO  MockFrame:15 - ___  ___           _     ______           _   _     _    _         
2019-04-22 21:21:02 [AWT-EventQueue-0] INFO  MockFrame:16 - |  \/  |          | |    |  _  \         | | | |   | |  (_)        
2019-04-22 21:21:02 [AWT-EventQueue-0] INFO  MockFrame:17 - | .  . | ___   ___| | __ | | | |___  __ _| |_| |__ | | ___ ___ ___ 
2019-04-22 21:21:02 [AWT-EventQueue-0] INFO  MockFrame:18 - | |\/| |/ _ \ / __| |/ / | | | / _ \/ _` | __| '_ \| |/ / / __/ __|
2019-04-22 21:21:02 [AWT-EventQueue-0] INFO  MockFrame:19 - | |  | | (_) | (__|   <  | |/ /  __/ (_| | |_| | | |   <| \__ \__ \
2019-04-22 21:21:02 [AWT-EventQueue-0] INFO  MockFrame:20 - \_|  |_/\___/ \___|_|\_\ |___/ \___|\__,_|\__|_| |_|_|\_\_|___/___/
2019-04-22 21:29:03 [AWT-EventQueue-0] INFO  MockFrame:27 - ___  ___           _     ______           _   _     _    _         
2019-04-22 21:29:03 [AWT-EventQueue-0] INFO  MockFrame:28 - |  \/  |          | |    |  _  \         | | | |   | |  (_)        
2019-04-22 21:29:03 [AWT-EventQueue-0] INFO  MockFrame:29 - | .  . | ___   ___| | __ | | | |___  __ _| |_| |__ | | ___ ___ ___ 
2019-04-22 21:29:03 [AWT-EventQueue-0] INFO  MockFrame:30 - | |\/| |/ _ \ / __| |/ / | | | / _ \/ _` | __| '_ \| |/ / / __/ __|
2019-04-22 21:29:03 [AWT-EventQueue-0] INFO  MockFrame:31 - | |  | | (_) | (__|   <  | |/ /  __/ (_| | |_| | | |   <| \__ \__ \
2019-04-22 21:29:03 [AWT-EventQueue-0] INFO  MockFrame:32 - \_|  |_/\___/ \___|_|\_\ |___/ \___|\__,_|\__|_| |_|_|\_\_|___/___/
2019-04-22 21:32:53 [AWT-EventQueue-0] INFO  MockFrame:27 - ___  ___           _     ______           _   _     _    _         
2019-04-22 21:32:53 [AWT-EventQueue-0] INFO  MockFrame:28 - |  \/  |          | |    |  _  \         | | | |   | |  (_)        
2019-04-22 21:32:53 [AWT-EventQueue-0] INFO  MockFrame:29 - | .  . | ___   ___| | __ | | | |___  __ _| |_| |__ | | ___ ___ ___ 
2019-04-22 21:32:53 [AWT-EventQueue-0] INFO  MockFrame:30 - | |\/| |/ _ \ / __| |/ / | | | / _ \/ _` | __| '_ \| |/ / / __/ __|
2019-04-22 21:32:53 [AWT-EventQueue-0] INFO  MockFrame:31 - | |  | | (_) | (__|   <  | |/ /  __/ (_| | |_| | | |   <| \__ \__ \
2019-04-22 21:32:53 [AWT-EventQueue-0] INFO  MockFrame:32 - \_|  |_/\___/ \___|_|\_\ |___/ \___|\__,_|\__|_| |_|_|\_\_|___/___/
2019-04-22 21:35:24 [AWT-EventQueue-0] INFO  MockFrame:27 - ___  ___           _     ______           _   _     _    _         
2019-04-22 21:35:24 [AWT-EventQueue-0] INFO  MockFrame:28 - |  \/  |          | |    |  _  \         | | | |   | |  (_)        
2019-04-22 21:35:24 [AWT-EventQueue-0] INFO  MockFrame:29 - | .  . | ___   ___| | __ | | | |___  __ _| |_| |__ | | ___ ___ ___ 
2019-04-22 21:35:24 [AWT-EventQueue-0] INFO  MockFrame:30 - | |\/| |/ _ \ / __| |/ / | | | / _ \/ _` | __| '_ \| |/ / / __/ __|
2019-04-22 21:35:24 [AWT-EventQueue-0] INFO  MockFrame:31 - | |  | | (_) | (__|   <  | |/ /  __/ (_| | |_| | | |   <| \__ \__ \
2019-04-22 21:35:24 [AWT-EventQueue-0] INFO  MockFrame:32 - \_|  |_/\___/ \___|_|\_\ |___/ \___|\__,_|\__|_| |_|_|\_\_|___/___/
2019-04-22 21:39:17 [AWT-EventQueue-0] INFO  MockFrame:27 - ___  ___           _     ______           _   _     _    _         
2019-04-22 21:39:17 [AWT-EventQueue-0] INFO  MockFrame:28 - |  \/  |          | |    |  _  \         | | | |   | |  (_)        
2019-04-22 21:39:17 [AWT-EventQueue-0] INFO  MockFrame:29 - | .  . | ___   ___| | __ | | | |___  __ _| |_| |__ | | ___ ___ ___ 
2019-04-22 21:39:17 [AWT-EventQueue-0] INFO  MockFrame:30 - | |\/| |/ _ \ / __| |/ / | | | / _ \/ _` | __| '_ \| |/ / / __/ __|
2019-04-22 21:39:17 [AWT-EventQueue-0] INFO  MockFrame:31 - | |  | | (_) | (__|   <  | |/ /  __/ (_| | |_| | | |   <| \__ \__ \
2019-04-22 21:39:17 [AWT-EventQueue-0] INFO  MockFrame:32 - \_|  |_/\___/ \___|_|\_\ |___/ \___|\__,_|\__|_| |_|_|\_\_|___/___/
2019-04-22 21:39:30 [AWT-EventQueue-0] INFO  MockFrame:27 - ___  ___           _     ______           _   _     _    _         
2019-04-22 21:39:30 [AWT-EventQueue-0] INFO  MockFrame:28 - |  \/  |          | |    |  _  \         | | | |   | |  (_)        
2019-04-22 21:39:30 [AWT-EventQueue-0] INFO  MockFrame:29 - | .  . | ___   ___| | __ | | | |___  __ _| |_| |__ | | ___ ___ ___ 
2019-04-22 21:39:30 [AWT-EventQueue-0] INFO  MockFrame:30 - | |\/| |/ _ \ / __| |/ / | | | / _ \/ _` | __| '_ \| |/ / / __/ __|
2019-04-22 21:39:30 [AWT-EventQueue-0] INFO  MockFrame:31 - | |  | | (_) | (__|   <  | |/ /  __/ (_| | |_| | | |   <| \__ \__ \
2019-04-22 21:39:30 [AWT-EventQueue-0] INFO  MockFrame:32 - \_|  |_/\___/ \___|_|\_\ |___/ \___|\__,_|\__|_| |_|_|\_\_|___/___/
2019-04-22 21:39:59 [AWT-EventQueue-0] INFO  MockFrame:27 - ___  ___           _     ______           _   _     _    _         
2019-04-22 21:39:59 [AWT-EventQueue-0] INFO  MockFrame:28 - |  \/  |          | |    |  _  \         | | | |   | |  (_)        
2019-04-22 21:39:59 [AWT-EventQueue-0] INFO  MockFrame:29 - | .  . | ___   ___| | __ | | | |___  __ _| |_| |__ | | ___ ___ ___ 
2019-04-22 21:39:59 [AWT-EventQueue-0] INFO  MockFrame:30 - | |\/| |/ _ \ / __| |/ / | | | / _ \/ _` | __| '_ \| |/ / / __/ __|
2019-04-22 21:39:59 [AWT-EventQueue-0] INFO  MockFrame:31 - | |  | | (_) | (__|   <  | |/ /  __/ (_| | |_| | | |   <| \__ \__ \
2019-04-22 21:39:59 [AWT-EventQueue-0] INFO  MockFrame:32 - \_|  |_/\___/ \___|_|\_\ |___/ \___|\__,_|\__|_| |_|_|\_\_|___/___/
2019-04-22 21:40:51 [AWT-EventQueue-0] INFO  MockFrame:27 - ___  ___           _     ______           _   _     _    _         
2019-04-22 21:40:51 [AWT-EventQueue-0] INFO  MockFrame:28 - |  \/  |          | |    |  _  \         | | | |   | |  (_)        
2019-04-22 21:40:51 [AWT-EventQueue-0] INFO  MockFrame:29 - | .  . | ___   ___| | __ | | | |___  __ _| |_| |__ | | ___ ___ ___ 
2019-04-22 21:40:51 [AWT-EventQueue-0] INFO  MockFrame:30 - | |\/| |/ _ \ / __| |/ / | | | / _ \/ _` | __| '_ \| |/ / / __/ __|
2019-04-22 21:40:51 [AWT-EventQueue-0] INFO  MockFrame:31 - | |  | | (_) | (__|   <  | |/ /  __/ (_| | |_| | | |   <| \__ \__ \
2019-04-22 21:40:51 [AWT-EventQueue-0] INFO  MockFrame:32 - \_|  |_/\___/ \___|_|\_\ |___/ \___|\__,_|\__|_| |_|_|\_\_|___/___/
2019-04-22 21:41:50 [AWT-EventQueue-0] INFO  MockFrame:27 - ___  ___           _     ______           _   _     _    _         
2019-04-22 21:41:50 [AWT-EventQueue-0] INFO  MockFrame:28 - |  \/  |          | |    |  _  \         | | | |   | |  (_)        
2019-04-22 21:41:50 [AWT-EventQueue-0] INFO  MockFrame:29 - | .  . | ___   ___| | __ | | | |___  __ _| |_| |__ | | ___ ___ ___ 
2019-04-22 21:41:50 [AWT-EventQueue-0] INFO  MockFrame:30 - | |\/| |/ _ \ / __| |/ / | | | / _ \/ _` | __| '_ \| |/ / / __/ __|
2019-04-22 21:41:50 [AWT-EventQueue-0] INFO  MockFrame:31 - | |  | | (_) | (__|   <  | |/ /  __/ (_| | |_| | | |   <| \__ \__ \
2019-04-22 21:41:50 [AWT-EventQueue-0] INFO  MockFrame:32 - \_|  |_/\___/ \___|_|\_\ |___/ \___|\__,_|\__|_| |_|_|\_\_|___/___/
2019-04-22 21:41:57 [AWT-EventQueue-0] INFO  MockFrame:27 - ___  ___           _     ______           _   _     _    _         
2019-04-22 21:41:57 [AWT-EventQueue-0] INFO  MockFrame:28 - |  \/  |          | |    |  _  \         | | | |   | |  (_)        
2019-04-22 21:41:57 [AWT-EventQueue-0] INFO  MockFrame:29 - | .  . | ___   ___| | __ | | | |___  __ _| |_| |__ | | ___ ___ ___ 
2019-04-22 21:41:57 [AWT-EventQueue-0] INFO  MockFrame:30 - | |\/| |/ _ \ / __| |/ / | | | / _ \/ _` | __| '_ \| |/ / / __/ __|
2019-04-22 21:41:57 [AWT-EventQueue-0] INFO  MockFrame:31 - | |  | | (_) | (__|   <  | |/ /  __/ (_| | |_| | | |   <| \__ \__ \
2019-04-22 21:41:57 [AWT-EventQueue-0] INFO  MockFrame:32 - \_|  |_/\___/ \___|_|\_\ |___/ \___|\__,_|\__|_| |_|_|\_\_|___/___/
2019-04-22 21:42:20 [AWT-EventQueue-0] INFO  MockFrame:27 - ___  ___           _     ______           _   _     _    _         
2019-04-22 21:42:20 [AWT-EventQueue-0] INFO  MockFrame:28 - |  \/  |          | |    |  _  \         | | | |   | |  (_)        
2019-04-22 21:42:20 [AWT-EventQueue-0] INFO  MockFrame:29 - | .  . | ___   ___| | __ | | | |___  __ _| |_| |__ | | ___ ___ ___ 
2019-04-22 21:42:20 [AWT-EventQueue-0] INFO  MockFrame:30 - | |\/| |/ _ \ / __| |/ / | | | / _ \/ _` | __| '_ \| |/ / / __/ __|
2019-04-22 21:42:20 [AWT-EventQueue-0] INFO  MockFrame:31 - | |  | | (_) | (__|   <  | |/ /  __/ (_| | |_| | | |   <| \__ \__ \
2019-04-22 21:42:20 [AWT-EventQueue-0] INFO  MockFrame:32 - \_|  |_/\___/ \___|_|\_\ |___/ \___|\__,_|\__|_| |_|_|\_\_|___/___/
2019-04-22 21:44:29 [AWT-EventQueue-0] INFO  MockFrame:27 - ___  ___           _     ______           _   _     _    _         
2019-04-22 21:44:29 [AWT-EventQueue-0] INFO  MockFrame:28 - |  \/  |          | |    |  _  \         | | | |   | |  (_)        
2019-04-22 21:44:29 [AWT-EventQueue-0] INFO  MockFrame:29 - | .  . | ___   ___| | __ | | | |___  __ _| |_| |__ | | ___ ___ ___ 
2019-04-22 21:44:29 [AWT-EventQueue-0] INFO  MockFrame:30 - | |\/| |/ _ \ / __| |/ / | | | / _ \/ _` | __| '_ \| |/ / / __/ __|
2019-04-22 21:44:29 [AWT-EventQueue-0] INFO  MockFrame:31 - | |  | | (_) | (__|   <  | |/ /  __/ (_| | |_| | | |   <| \__ \__ \
2019-04-22 21:44:29 [AWT-EventQueue-0] INFO  MockFrame:32 - \_|  |_/\___/ \___|_|\_\ |___/ \___|\__,_|\__|_| |_|_|\_\_|___/___/
